2015-04-29 03:07:56 Error: [Cake\Core\Exception\Exception] Unable to insert fixtures for "App\Test\TestCase\Controller\GroupsControllerTest" test case. SQLSTATE[42S22]: Column not found: 1054 Unknown column 'role' in 'field list'
Stack Trace:
#0 D:\web\xampp\htdocs\NixserSite\vendor\cakephp\cakephp\src\TestSuite\Fixture\FixtureInjector.php(144): Cake\TestSuite\Fixture\FixtureManager->load(Object(App\Test\TestCase\Controller\GroupsControllerTest))
#1 phar://D:/web/xampp/htdocs/NixserSite/phpunit.phar/phpunit/Framework/TestResult.php(331): Cake\TestSuite\Fixture\FixtureInjector->startTest(Object(App\Test\TestCase\Controller\GroupsControllerTest))
#2 phar://D:/web/xampp/htdocs/NixserSite/phpunit.phar/phpunit/Framework/TestResult.php(547): PHPUnit_Framework_TestResult->startTest(Object(App\Test\TestCase\Controller\GroupsControllerTest))
#3 phar://D:/web/xampp/htdocs/NixserSite/phpunit.phar/phpunit/Framework/TestCase.php(699): PHPUnit_Framework_TestResult->run(Object(App\Test\TestCase\Controller\GroupsControllerTest))
#4 phar://D:/web/xampp/htdocs/NixserSite/phpunit.phar/phpunit/Framework/TestSuite.php(722): PHPUnit_Framework_TestCase->run(Object(PHPUnit_Framework_TestResult))
#5 phar://D:/web/xampp/htdocs/NixserSite/phpunit.phar/phpunit/Framework/TestSuite.php(722): PHPUnit_Framework_TestSuite->run(Object(PHPUnit_Framework_TestResult))
#6 phar://D:/web/xampp/htdocs/NixserSite/phpunit.phar/phpunit/TextUI/TestRunner.php(406): PHPUnit_Framework_TestSuite->run(Object(PHPUnit_Framework_TestResult))
#7 phar://D:/web/xampp/htdocs/NixserSite/phpunit.phar/phpunit/TextUI/Command.php(153): PHPUnit_TextUI_TestRunner->doRun(Object(PHPUnit_Framework_TestSuite), Array)
#8 phar://D:/web/xampp/htdocs/NixserSite/phpunit.phar/phpunit/TextUI/Command.php(105): PHPUnit_TextUI_Command->run(Array, true)
#9 D:\web\xampp\htdocs\NixserSite\phpunit.phar(535): PHPUnit_TextUI_Command::main()
#10 {main}


2015-04-29 03:11:29 Error: [Cake\Core\Exception\Exception] Unable to insert fixtures for "App\Test\TestCase\Controller\GroupsControllerTest" test case. SQLSTATE[42S22]: Column not found: 1054 Unknown column 'role' in 'field list'
Stack Trace:
#0 D:\web\xampp\htdocs\NixserSite\vendor\cakephp\cakephp\src\TestSuite\Fixture\FixtureInjector.php(144): Cake\TestSuite\Fixture\FixtureManager->load(Object(App\Test\TestCase\Controller\GroupsControllerTest))
#1 phar://D:/web/xampp/htdocs/NixserSite/phpunit.phar/phpunit/Framework/TestResult.php(331): Cake\TestSuite\Fixture\FixtureInjector->startTest(Object(App\Test\TestCase\Controller\GroupsControllerTest))
#2 phar://D:/web/xampp/htdocs/NixserSite/phpunit.phar/phpunit/Framework/TestResult.php(547): PHPUnit_Framework_TestResult->startTest(Object(App\Test\TestCase\Controller\GroupsControllerTest))
#3 phar://D:/web/xampp/htdocs/NixserSite/phpunit.phar/phpunit/Framework/TestCase.php(699): PHPUnit_Framework_TestResult->run(Object(App\Test\TestCase\Controller\GroupsControllerTest))
#4 phar://D:/web/xampp/htdocs/NixserSite/phpunit.phar/phpunit/Framework/TestSuite.php(722): PHPUnit_Framework_TestCase->run(Object(PHPUnit_Framework_TestResult))
#5 phar://D:/web/xampp/htdocs/NixserSite/phpunit.phar/phpunit/Framework/TestSuite.php(722): PHPUnit_Framework_TestSuite->run(Object(PHPUnit_Framework_TestResult))
#6 phar://D:/web/xampp/htdocs/NixserSite/phpunit.phar/phpunit/TextUI/TestRunner.php(406): PHPUnit_Framework_TestSuite->run(Object(PHPUnit_Framework_TestResult))
#7 phar://D:/web/xampp/htdocs/NixserSite/phpunit.phar/phpunit/TextUI/Command.php(153): PHPUnit_TextUI_TestRunner->doRun(Object(PHPUnit_Framework_TestSuite), Array)
#8 phar://D:/web/xampp/htdocs/NixserSite/phpunit.phar/phpunit/TextUI/Command.php(105): PHPUnit_TextUI_Command->run(Array, true)
#9 D:\web\xampp\htdocs\NixserSite\phpunit.phar(535): PHPUnit_TextUI_Command::main()
#10 {main}


2015-04-29 03:49:49 Warning: Warning (4096): Argument 1 passed to App\Model\Table\ServicesTable::findPublished() must be an instance of Cake\ORM\Query, string given, called in D:\web\xampp\htdocs\NixserSite\tests\TestCase\Model\Table\ServicesTableTest.php on line 69 and defined in [D:\web\xampp\htdocs\NixserSite\src\Model\Table\ServicesTable.php, line 61]
Trace:
Cake\Error\BaseErrorHandler::handleError() - CORE\src\Error\BaseErrorHandler.php, line 138
App\Model\Table\ServicesTable::findPublished() - APP/Model\Table\ServicesTable.php, line 61
App\Test\TestCase\Model\Table\ServicesTableTest::testSomething() - ROOT\tests\TestCase\Model\Table\ServicesTableTest.php, line 69
ReflectionMethod::invokeArgs() - [internal], line ??
PHPUnit_Framework_TestCase::runTest() - phar://D:/web/xampp/htdocs/NixserSite/phpunit.phar/phpunit/Framework/TestCase.php, line 866
PHPUnit_Framework_TestCase::runBare() - phar://D:/web/xampp/htdocs/NixserSite/phpunit.phar/phpunit/Framework/TestCase.php, line 743
PHPUnit_Framework_TestResult::run() - phar://D:/web/xampp/htdocs/NixserSite/phpunit.phar/phpunit/Framework/TestResult.php, line 609
PHPUnit_Framework_TestCase::run() - phar://D:/web/xampp/htdocs/NixserSite/phpunit.phar/phpunit/Framework/TestCase.php, line 699
PHPUnit_Framework_TestSuite::run() - phar://D:/web/xampp/htdocs/NixserSite/phpunit.phar/phpunit/Framework/TestSuite.php, line 722
PHPUnit_TextUI_TestRunner::doRun() - phar://D:/web/xampp/htdocs/NixserSite/phpunit.phar/phpunit/TextUI/TestRunner.php, line 406
PHPUnit_TextUI_Command::run() - phar://D:/web/xampp/htdocs/NixserSite/phpunit.phar/phpunit/TextUI/Command.php, line 153
PHPUnit_TextUI_Command::main() - phar://D:/web/xampp/htdocs/NixserSite/phpunit.phar/phpunit/TextUI/Command.php, line 105
[main] - ROOT\phpunit.phar, line 535



2015-04-29 03:49:49 Warning: Warning (4096): Argument 2 passed to App\Model\Table\ServicesTable::findPublished() must be of the type array, none given, called in D:\web\xampp\htdocs\NixserSite\tests\TestCase\Model\Table\ServicesTableTest.php on line 69 and defined in [D:\web\xampp\htdocs\NixserSite\src\Model\Table\ServicesTable.php, line 61]
Trace:
Cake\Error\BaseErrorHandler::handleError() - CORE\src\Error\BaseErrorHandler.php, line 138
App\Model\Table\ServicesTable::findPublished() - APP/Model\Table\ServicesTable.php, line 61
App\Test\TestCase\Model\Table\ServicesTableTest::testSomething() - ROOT\tests\TestCase\Model\Table\ServicesTableTest.php, line 69
ReflectionMethod::invokeArgs() - [internal], line ??
PHPUnit_Framework_TestCase::runTest() - phar://D:/web/xampp/htdocs/NixserSite/phpunit.phar/phpunit/Framework/TestCase.php, line 866
PHPUnit_Framework_TestCase::runBare() - phar://D:/web/xampp/htdocs/NixserSite/phpunit.phar/phpunit/Framework/TestCase.php, line 743
PHPUnit_Framework_TestResult::run() - phar://D:/web/xampp/htdocs/NixserSite/phpunit.phar/phpunit/Framework/TestResult.php, line 609
PHPUnit_Framework_TestCase::run() - phar://D:/web/xampp/htdocs/NixserSite/phpunit.phar/phpunit/Framework/TestCase.php, line 699
PHPUnit_Framework_TestSuite::run() - phar://D:/web/xampp/htdocs/NixserSite/phpunit.phar/phpunit/Framework/TestSuite.php, line 722
PHPUnit_TextUI_TestRunner::doRun() - phar://D:/web/xampp/htdocs/NixserSite/phpunit.phar/phpunit/TextUI/TestRunner.php, line 406
PHPUnit_TextUI_Command::run() - phar://D:/web/xampp/htdocs/NixserSite/phpunit.phar/phpunit/TextUI/Command.php, line 153
PHPUnit_TextUI_Command::main() - phar://D:/web/xampp/htdocs/NixserSite/phpunit.phar/phpunit/TextUI/Command.php, line 105
[main] - ROOT\phpunit.phar, line 535



